[0614/082448.770:ERROR:process_reader_win.cc(123)] NtOpenThread: {Access Denied} A process has requested access to an object, but has not been granted those access rights. (0xc0000022)
[0614/082448.770:ERROR:process_reader_win.cc(123)] NtOpenThread: {Access Denied} A process has requested access to an object, but has not been granted those access rights. (0xc0000022)
[0614/082448.774:ERROR:exception_snapshot_win.cc(98)] thread ID 3092 not found in process
[0614/082448.774:ERROR:exception_snapshot_win.cc(98)] thread ID 18720 not found in process
[0614/082448.781:ERROR:process_reader_win.cc(123)] NtOpenThread: {Access Denied} A process has requested access to an object, but has not been granted those access rights. (0xc0000022)
[0614/082448.781:ERROR:exception_snapshot_win.cc(98)] thread ID 7148 not found in process
[0614/082448.783:ERROR:process_reader_win.cc(123)] NtOpenThread: {Access Denied} A process has requested access to an object, but has not been granted those access rights. (0xc0000022)
[0614/082448.784:ERROR:exception_snapshot_win.cc(98)] thread ID 6740 not found in process
[0614/082448.784:ERROR:process_reader_win.cc(123)] NtOpenThread: {Access Denied} A process has requested access to an object, but has not been granted those access rights. (0xc0000022)
[0614/082448.785:ERROR:exception_snapshot_win.cc(98)] thread ID 2016 not found in process
[0614/082448.802:ERROR:process_reader_win.cc(123)] NtOpenThread: {Access Denied} A process has requested access to an object, but has not been granted those access rights. (0xc0000022)
[0614/082448.802:ERROR:process_reader_win.cc(123)] NtOpenThread: {Access Denied} A process has requested access to an object, but has not been granted those access rights. (0xc0000022)
[0614/082448.802:ERROR:exception_snapshot_win.cc(98)] thread ID 3888 not found in process
[0614/082448.802:ERROR:exception_snapshot_win.cc(98)] thread ID 7704 not found in process
[0614/082448.813:ERROR:process_reader_win.cc(123)] NtOpenThread: {Access Denied} A process has requested access to an object, but has not been granted those access rights. (0xc0000022)
[0614/082448.813:ERROR:exception_snapshot_win.cc(98)] thread ID 16172 not found in process
[0618/115800.918:ERROR:process_reader_win.cc(123)] NtOpenThread: {Access Denied} A process has requested access to an object, but has not been granted those access rights. (0xc0000022)
[0618/115800.918:ERROR:process_reader_win.cc(123)] NtOpenThread: {Access Denied} A process has requested access to an object, but has not been granted those access rights. (0xc0000022)
[0618/115800.934:ERROR:exception_snapshot_win.cc(98)] thread ID 1596 not found in process
[0618/115800.934:ERROR:exception_snapshot_win.cc(98)] thread ID 11904 not found in process
[0618/115800.934:ERROR:process_reader_win.cc(123)] NtOpenThread: {Access Denied} A process has requested access to an object, but has not been granted those access rights. (0xc0000022)
[0618/115800.934:ERROR:exception_snapshot_win.cc(98)] thread ID 14536 not found in process
[0618/115800.934:ERROR:process_reader_win.cc(123)] NtOpenThread: {Access Denied} A process has requested access to an object, but has not been granted those access rights. (0xc0000022)
[0618/115800.934:ERROR:exception_snapshot_win.cc(98)] thread ID 2480 not found in process
[0618/115800.934:ERROR:process_reader_win.cc(123)] NtOpenThread: {Access Denied} A process has requested access to an object, but has not been granted those access rights. (0xc0000022)
[0618/115800.934:ERROR:exception_snapshot_win.cc(98)] thread ID 10008 not found in process
[0620/141636.203:ERROR:process_info.cc(329)] VirtualQueryEx: Access is denied. (0x5)
[0620/141636.203:ERROR:process_info.cc(329)] VirtualQueryEx: Access is denied. (0x5)
[0620/141636.203:ERROR:process_info.cc(556)] ReadMemoryInfo failed
[0620/141636.203:ERROR:process_info.cc(556)] ReadMemoryInfo failed
[0620/141636.203:ERROR:scoped_process_suspend.cc(40)] NtResumeProcess: An attempt was made to access an exiting process. (0xc000010a)
[0620/141636.203:ERROR:scoped_process_suspend.cc(40)] NtResumeProcess: An attempt was made to access an exiting process. (0xc000010a)
